Using pre-set license

 COMMAND LINE ARGUMENTS:
/Volumes/Elements/All files/Unity/Unity Versions/2020.3.12f1/Unity.app/Contents/MacOS/Unity
-adb2
-batchMode
-noUpm
-name
AssetImportWorker0
-projectPath
/Volumes/Elements/All files/Unity/Unity Projects/XR StockTaking
-logFile
Logs/AssetImportWorker0.log
-srvPort
49936
Successfully changed project path to: /Volumes/Elements/All files/Unity/Unity Projects/XR StockTaking
/Volumes/Elements/All files/Unity/Unity Projects/XR StockTaking
Using Asset Import Pipeline V2.
Refreshing native plugins compatible for Editor in 838.54 ms, found 4 plugins.
Preloading 0 native plugins for Editor in 0.00 ms.
Initialize engine version: 2020.3.12f1 (b3b2c6512326)
[Subsystems] Discovering subsystems at path /Volumes/Elements/All files/Unity/Unity Versions/2020.3.12f1/Unity.app/Contents/Resources/UnitySubsystems
[Subsystems] Discovering subsystems at path /Volumes/Elements/All files/Unity/Unity Projects/XR StockTaking/Assets
GfxDevice: creating device client; threaded=0
2021-07-08 00:38:12.308 Unity[2985:48350] Color LCD preferred device: Intel(R) Iris(TM) Plus Graphics 640 (low power)
2021-07-08 00:38:12.308 Unity[2985:48350] Metal devices available: 1
2021-07-08 00:38:12.308 Unity[2985:48350] 0: Intel(R) Iris(TM) Plus Graphics 640 (low power)
2021-07-08 00:38:12.309 Unity[2985:48350] Using device Intel(R) Iris(TM) Plus Graphics 640 (low power)
Initializing Metal device caps: Intel(R) Iris(TM) Plus Graphics 640
Initialize mono
Mono path[0] = '/Volumes/Elements/All files/Unity/Unity Versions/2020.3.12f1/Unity.app/Contents/Managed'
Mono path[1] = '/Volumes/Elements/All files/Unity/Unity Versions/2020.3.12f1/Unity.app/Contents/MonoBleedingEdge/lib/mono/unityjit'
Mono config path = '/Volumes/Elements/All files/Unity/Unity Versions/2020.3.12f1/Unity.app/Contents/MonoBleedingEdge/etc'
Using monoOptions --debugger-agent=transport=dt_socket,embedding=1,server=y,suspend=n,address=127.0.0.1:56985
Begin MonoManager ReloadAssembly
Registering precompiled unity dll's ...
Register platform support module: /Volumes/Elements/All files/Unity/Unity Versions/2020.3.12f1/Unity.app/Contents/PlaybackEngines/MacStandaloneSupport/UnityEditor.OSXStandalone.Extensions.dll
Registered in 0.000911 seconds.
Native extension for OSXStandalone target not found
Refreshing native plugins compatible for Editor in 90.37 ms, found 4 plugins.
Preloading 0 native plugins for Editor in 0.00 ms.
Mono: successfully reloaded assembly
- Completed reload, in  7.154 seconds
Platform modules already initialized, skipping
Registering precompiled user dll's ...
Registered in 0.324939 seconds.
