Using pre-set license

 COMMAND LINE ARGUMENTS:
/Volumes/Elements/All files/Unity/Unity Versions/2020.3.12f1/Unity.app/Contents/MacOS/Unity
-adb2
-batchMode
-noUpm
-name
AssetImportWorker4
-projectPath
/Volumes/Elements/All files/Unity/Unity Projects/XR StockTaking
-logFile
Logs/AssetImportWorker4.log
-srvPort
49936
Successfully changed project path to: /Volumes/Elements/All files/Unity/Unity Projects/XR StockTaking
/Volumes/Elements/All files/Unity/Unity Projects/XR StockTaking
Using Asset Import Pipeline V2.
Refreshing native plugins compatible for Editor in 921.05 ms, found 4 plugins.
Preloading 0 native plugins for Editor in 0.00 ms.
Initialize engine version: 2020.3.12f1 (b3b2c6512326)
[Subsystems] Discovering subsystems at path /Volumes/Elements/All files/Unity/Unity Versions/2020.3.12f1/Unity.app/Contents/Resources/UnitySubsystems
[Subsystems] Discovering subsystems at path /Volumes/Elements/All files/Unity/Unity Projects/XR StockTaking/Assets
GfxDevice: creating device client; threaded=0
2021-07-08 00:40:12.267 Unity[3004:49818] Color LCD preferred device: Intel(R) Iris(TM) Plus Graphics 640 (low power)
2021-07-08 00:40:12.267 Unity[3004:49818] Metal devices available: 1
2021-07-08 00:40:12.267 Unity[3004:49818] 0: Intel(R) Iris(TM) Plus Graphics 640 (low power)
2021-07-08 00:40:12.267 Unity[3004:49818] Using device Intel(R) Iris(TM) Plus Graphics 640 (low power)
Initializing Metal device caps: Intel(R) Iris(TM) Plus Graphics 640
Initialize mono
Mono path[0] = '/Volumes/Elements/All files/Unity/Unity Versions/2020.3.12f1/Unity.app/Contents/Managed'
Mono path[1] = '/Volumes/Elements/All files/Unity/Unity Versions/2020.3.12f1/Unity.app/Contents/MonoBleedingEdge/lib/mono/unityjit'
Mono config path = '/Volumes/Elements/All files/Unity/Unity Versions/2020.3.12f1/Unity.app/Contents/MonoBleedingEdge/etc'
Using monoOptions --debugger-agent=transport=dt_socket,embedding=1,server=y,suspend=n,address=127.0.0.1:56004
Begin MonoManager ReloadAssembly
Registering precompiled unity dll's ...
Register platform support module: /Volumes/Elements/All files/Unity/Unity Versions/2020.3.12f1/Unity.app/Contents/PlaybackEngines/MacStandaloneSupport/UnityEditor.OSXStandalone.Extensions.dll
Registered in 0.000632 seconds.
Native extension for OSXStandalone target not found
Refreshing native plugins compatible for Editor in 62.68 ms, found 4 plugins.
Preloading 0 native plugins for Editor in 0.00 ms.
Mono: successfully reloaded assembly
- Completed reload, in  2.004 seconds
Platform modules already initialized, skipping
Registering precompiled user dll's ...
Registered in 0.245636 seconds.
Begin MonoManager ReloadAssembly
Native extension for OSXStandalone target not found
Refreshing native plugins compatible for Editor in 61.47 ms, found 4 plugins.
Preloading 0 native plugins for Editor in 0.00 ms.
CreateSerializedAsset is not supported while importing out-of-process
UnityEngine.StackTraceUtility:ExtractStackTrace () (at /Users/bokken/buildslave/unity/build/Runtime/Export/Scripting/StackTrace.cs:37)
UnityEditor.XR.Management.EditorUtilities:CreateScriptableObjectInstance (string,string) (at /Volumes/Elements/All files/Unity/Unity Projects/new ar/Library/PackageCache/com.unity.xr.management@4.0.6/Editor/EditorUtilities.cs:102)
UnityEditor.XR.Management.XRPackageInitializationBootstrap:InitializeLoaderFromMetadata (string,System.Collections.Generic.List`1<UnityEditor.XR.Management.Metadata.IXRLoaderMetadata>) (at /Volumes/Elements/All files/Unity/Unity Projects/new ar/Library/PackageCache/com.unity.xr.management@4.0.6/Editor/XRPackageInitialization.cs:152)
UnityEditor.XR.Management.XRPackageInitializationBootstrap:InitializePackageFromMetadata (UnityEditor.XR.Management.Metadata.IXRPackage,UnityEditor.XR.Management.Metadata.IXRPackageMetadata) (at /Volumes/Elements/All files/Unity/Unity Projects/new ar/Library/PackageCache/com.unity.xr.management@4.0.6/Editor/XRPackageInitialization.cs:129)
UnityEditor.XR.Management.XRPackageInitializationBootstrap:InitPackage (UnityEditor.XR.Management.Metadata.IXRPackage) (at /Volumes/Elements/All files/Unity/Unity Projects/new ar/Library/PackageCache/com.unity.xr.management@4.0.6/Editor/XRPackageInitialization.cs:118)
UnityEditor.XR.Management.XRPackageInitializationBootstrap:BeginPackageInitialization () (at /Volumes/Elements/All files/Unity/Unity Projects/new ar/Library/PackageCache/com.unity.xr.management@4.0.6/Editor/XRPackageInitialization.cs:87)
UnityEditor.XR.Management.XRPackageInitializationBootstrap:.cctor () (at /Volumes/Elements/All files/Unity/Unity Projects/new ar/Library/PackageCache/com.unity.xr.management@4.0.6/Editor/XRPackageInitialization.cs:50)
System.Runtime.CompilerServices.RuntimeHelpers:RunClassConstructor (System.RuntimeTypeHandle)
UnityEditor.EditorAssemblies:ProcessInitializeOnLoadAttributes (System.Type[]) (at /Users/bokken/buildslave/unity/build/Editor/Mono/EditorAssemblies.cs:114)

[/Users/bokken/buildslave/unity/build/Runtime/Export/Scripting/StackTrace.cs line 37]

UnityEngine.UnityException: Creating asset at path Assets/XR/Loaders/Magic Leap Loader.asset failed.
  at (wrapper managed-to-native) UnityEditor.AssetDatabase.CreateAsset(UnityEngine.Object,string)
  at UnityEditor.XR.Management.EditorUtilities.CreateScriptableObjectInstance (System.String typeName, System.String path) [0x00031] in /Volumes/Elements/All files/Unity/Unity Projects/new ar/Library/PackageCache/com.unity.xr.management@4.0.6/Editor/EditorUtilities.cs:102 
  at UnityEditor.XR.Management.XRPackageInitializationBootstrap.InitializeLoaderFromMetadata (System.String packageName, System.Collections.Generic.List`1[T] loaderMetadatas) [0x0004e] in /Volumes/Elements/All files/Unity/Unity Projects/new ar/Library/PackageCache/com.unity.xr.management@4.0.6/Editor/XRPackageInitialization.cs:152 
  at UnityEditor.XR.Management.XRPackageInitializationBootstrap.InitializePackageFromMetadata (UnityEditor.XR.Management.Metadata.IXRPackage package, UnityEditor.XR.Management.Metadata.IXRPackageMetadata packageMetadata) [0x00001] in /Volumes/Elements/All files/Unity/Unity Projects/new ar/Library/PackageCache/com.unity.xr.management@4.0.6/Editor/XRPackageInitialization.cs:129 
  at UnityEditor.XR.Management.XRPackageInitializationBootstrap.InitPackage (UnityEditor.XR.Management.Metadata.IXRPackage package) [0x00030] in /Volumes/Elements/All files/Unity/Unity Projects/new ar/Library/PackageCache/com.unity.xr.management@4.0.6/Editor/XRPackageInitialization.cs:118 
  at UnityEditor.XR.Management.XRPackageInitializationBootstrap.BeginPackageInitialization () [0x0008f] in /Volumes/Elements/All files/Unity/Unity Projects/new ar/Library/PackageCache/com.unity.xr.management@4.0.6/Editor/XRPackageInitialization.cs:87 
  at UnityEditor.XR.Management.XRPackageInitializationBootstrap..cctor () [0x00030] in /Volumes/Elements/All files/Unity/Unity Projects/new ar/Library/PackageCache/com.unity.xr.management@4.0.6/Editor/XRPackageInitialization.cs:50 
UnityEngine.StackTraceUtility:ExtractStackTrace () (at /Users/bokken/buildslave/unity/build/Runtime/Export/Scripting/StackTrace.cs:37)
UnityEngine.DebugLogHandler:LogFormat (UnityEngine.LogType,UnityEngine.Object,string,object[])
UnityEngine.Logger:Log (UnityEngine.LogType,object)
UnityEngine.Debug:LogError (object)
UnityEditor.EditorAssemblies:ProcessInitializeOnLoadAttributes (System.Type[]) (at /Users/bokken/buildslave/unity/build/Editor/Mono/EditorAssemblies.cs:118)

(Filename: /Users/bokken/buildslave/unity/build/Editor/Mono/EditorAssemblies.cs Line: 118)

Mono: successfully reloaded assembly
- Completed reload, in  2.397 seconds
Platform modules already initialized, skipping
========================================================================
Worker process is ready to serve import requests
Launching external process: /Volumes/Elements/All files/Unity/Unity Versions/2020.3.12f1/Unity.app/Contents/Tools/UnityShaderCompiler
Launched and connected shader compiler UnityShaderCompiler after 0.08 seconds
Refreshing native plugins compatible for Editor in 1.38 ms, found 4 plugins.
Preloading 0 native plugins for Editor in 0.00 ms.
Unloading 3154 Unused Serialized files (Serialized files now loaded: 0)
System memory in use before: 213.1 MB.
System memory in use after: 213.3 MB.

Unloading 43 unused Assets to reduce memory usage. Loaded Objects now: 3615.
Total: 3.501800 ms (FindLiveObjects: 0.398815 ms CreateObjectMapping: 0.201473 ms MarkObjects: 2.741335 ms  DeleteObjects: 0.159158 ms)

AssetImportParameters requested are different than current active one (requested -> active):
  custom:video-decoder-ogg-theora: a1e56fd34408186e4bbccfd4996cb3dc -> 
  custom:container-muxer-webm: aa71ff27fc2769a1b78a27578f13a17b -> 
  custom:container-demuxer-webm: 4f35f7cbe854078d1ac9338744f61a02 -> 
  custom:container-demuxer-ogg: 62fdf1f143b41e24485cea50d1cbac27 -> 
  custom:video-encoder-webm-vp8: eb34c28f22e8b96e1ab97ce403110664 -> 
  custom:framework-osx-AVFoundation: e770b220cccbd017edd2c1fefb359320 -> 
  custom:video-decoder-webm-vp8: 9c59270c3fd7afecdb556c50c9e8de78 -> 
  custom:audio-decoder-ogg-vorbis: bf7c407c2cedff20999df2af8eb42d56 -> 
  custom:audio-encoder-webm-vorbis: bf7c407c2cedff20999df2af8eb42d56 -> 
========================================================================
Received Import Request.
  path: Assets/Scripts/Database/TakeData.cs
  artifactKey: Guid(a40ac583a8f754712974add97f05a7c5) Importer(815301076,1909f56bfc062723c751e8b465ee728b)
Start importing Assets/Scripts/Database/TakeData.cs using Guid(a40ac583a8f754712974add97f05a7c5) Importer(815301076,1909f56bfc062723c751e8b465ee728b)  -> (artifact id: '07941b7ab5375b32dc9ddb6653797b9e') in 3.973282 seconds 
  Import took 4.043469 seconds .

========================================================================
Received Import Request.
  Time since last request: 0.000500 seconds.
  path: Assets/Scripts/Database/DataService.cs
  artifactKey: Guid(1d742b123ebbe8c4f96d3aa783f3981e) Importer(815301076,1909f56bfc062723c751e8b465ee728b)
Start importing Assets/Scripts/Database/DataService.cs using Guid(1d742b123ebbe8c4f96d3aa783f3981e) Importer(815301076,1909f56bfc062723c751e8b465ee728b)  -> (artifact id: '68373b79d85c01bd60b72a8866338157') in 0.062423 seconds 
  Import took 0.115146 seconds .

========================================================================
Received Import Request.
  Time since last request: 0.000303 seconds.
  path: Assets/Scripts/ReadQRCode.cs
  artifactKey: Guid(e15ffd96fa21840fab0de0672170230d) Importer(815301076,1909f56bfc062723c751e8b465ee728b)
Start importing Assets/Scripts/ReadQRCode.cs using Guid(e15ffd96fa21840fab0de0672170230d) Importer(815301076,1909f56bfc062723c751e8b465ee728b)  -> (artifact id: '252451d2f16994ebdd9e165d70a3e803') in 0.038754 seconds 
  Import took 0.058508 seconds .

